<?xml version="1.0" encoding="UTF-8"?>
<!-- Generated by org.testng.reporters.JUnitXMLReporter -->
<testsuite hostname="Rajesh-kumar4" ignored="0" name="Test" tests="1" failures="1" timestamp="22 Feb 2018 08:37:56 GMT" time="0.04" errors="0">
  <testcase name="Test1" time="0.0" classname="com.day_3.Sample1">
    <failure type="org.testng.TestNGException" message="
Parameter &amp;apos;username&amp;apos; is required by @Test on method Test1 but has not been marked @Optional or defined
in C:\Users\rajesh.kumar41\eclipse-workspace\IGT_Training\Sample.xml">
      <![CDATA[org.testng.TestNGException: 
Parameter 'username' is required by @Test on method Test1 but has not been marked @Optional or defined
in C:\Users\rajesh.kumar41\eclipse-workspace\IGT_Training\Sample.xml
... Removed 24 stack frames]]>
    </failure>
  </testcase> <!-- Test1 -->
</testsuite> <!-- Test -->
